# JRE version: OpenJDK Runtime Environment (8.0_152-b01) (build 1.8.0_152-release-1024-b01)
# Java VM: OpenJDK 64-Bit Server VM (25.152-b01 mixed mode linux-amd64 compressed oops)
Heap:
 PSYoungGen      total 233984K, used 15861K [0x00000000e0000000, 0x00000000ef680000, 0x0000000100000000)
  eden space 218112K, 0% used [0x00000000e0000000,0x00000000e0000000,0x00000000ed500000)
  from space 15872K, 99% used [0x00000000ed780000,0x00000000ee6fd540,0x00000000ee700000)
  to   space 13824K, 0% used [0x00000000ee900000,0x00000000ee900000,0x00000000ef680000)
 ParOldGen       total 47104K, used 33367K [0x00000000a0000000, 0x00000000a2e00000, 0x00000000e0000000)
  object space 47104K, 70% used [0x00000000a0000000,0x00000000a2095e38,0x00000000a2e00000)
 Metaspace       used 55180K, capacity 57076K, committed 57344K, reserved 1097728K
  class space    used 7590K, capacity 8101K, committed 8192K, reserved 1048576K
GC Heap History (10 events):
Event: 18.688 GC heap after
Heap after GC invocations=6 (full 1):
 PSYoungGen      total 66048K, used 0K [0x00000000e0000000, 0x00000000e9000000, 0x0000000100000000)
  eden space 63488K, 0% used [0x00000000e0000000,0x00000000e0000000,0x00000000e3e00000)
  from space 2560K, 0% used [0x00000000e3e00000,0x00000000e3e00000,0x00000000e4080000)
  to   space 10240K, 0% used [0x00000000e8600000,0x00000000e8600000,0x00000000e9000000)
 ParOldGen       total 35840K, used 10786K [0x00000000a0000000, 0x00000000a2300000, 0x00000000e0000000)
  object space 35840K, 30% used [0x00000000a0000000,0x00000000a0a88840,0x00000000a2300000)
 Metaspace       used 20715K, capacity 21102K, committed 21248K, reserved 1067008K
  class space    used 2899K, capacity 3069K, committed 3072K, reserved 1048576K
}
Event: 22.018 GC heap before
{Heap before GC invocations=7 (full 1):
 PSYoungGen      total 66048K, used 63488K [0x00000000e0000000, 0x00000000e9000000, 0x0000000100000000)
  eden space 63488K, 100% used [0x00000000e0000000,0x00000000e3e00000,0x00000000e3e00000)
  from space 2560K, 0% used [0x00000000e3e00000,0x00000000e3e00000,0x00000000e4080000)
  to   space 10240K, 0% used [0x00000000e8600000,0x00000000e8600000,0x00000000e9000000)
 ParOldGen       total 35840K, used 10786K [0x00000000a0000000, 0x00000000a2300000, 0x00000000e0000000)
  object space 35840K, 30% used [0x00000000a0000000,0x00000000a0a88840,0x00000000a2300000)
 Metaspace       used 26325K, capacity 26760K, committed 27136K, reserved 1073152K
  class space    used 3634K, capacity 3794K, committed 3840K, reserved 1048576K
Event: 22.036 GC heap after
Heap after GC invocations=7 (full 1):
 PSYoungGen      total 127488K, used 7064K [0x00000000e0000000, 0x00000000e8d00000, 0x0000000100000000)
  eden space 120320K, 0% used [0x00000000e0000000,0x00000000e0000000,0x00000000e7580000)
  from space 7168K, 98% used [0x00000000e8600000,0x00000000e8ce60e8,0x00000000e8d00000)
  to   space 10752K, 0% used [0x00000000e7800000,0x00000000e7800000,0x00000000e8280000)
 ParOldGen       total 35840K, used 10794K [0x00000000a0000000, 0x00000000a2300000, 0x00000000e0000000)
  object space 35840K, 30% used [0x00000000a0000000,0x00000000a0a8a840,0x00000000a2300000)
 Metaspace       used 26325K, capacity 26760K, committed 27136K, reserved 1073152K
  class space    used 3634K, capacity 3794K, committed 3840K, reserved 1048576K
}
Event: 31.059 GC heap before
{Heap before GC invocations=8 (full 1):
 PSYoungGen      total 127488K, used 101876K [0x00000000e0000000, 0x00000000e8d00000, 0x0000000100000000)
  eden space 120320K, 78% used [0x00000000e0000000,0x00000000e5c97190,0x00000000e7580000)
  from space 7168K, 98% used [0x00000000e8600000,0x00000000e8ce60e8,0x00000000e8d00000)
  to   space 10752K, 0% used [0x00000000e7800000,0x00000000e7800000,0x00000000e8280000)
 ParOldGen       total 35840K, used 10794K [0x00000000a0000000, 0x00000000a2300000, 0x00000000e0000000)
  object space 35840K, 30% used [0x00000000a0000000,0x00000000a0a8a840,0x00000000a2300000)
 Metaspace       used 34408K, capacity 35138K, committed 35416K, reserved 1079296K
  class space    used 4754K, capacity 4993K, committed 5120K, reserved 1048576K
Event: 31.075 GC heap after
Heap after GC invocations=8 (full 1):
 PSYoungGen      total 133632K, used 10742K [0x00000000e0000000, 0x00000000ef680000, 0x0000000100000000)
  eden space 122880K, 0% used [0x00000000e0000000,0x00000000e0000000,0x00000000e7800000)
  from space 10752K, 99% used [0x00000000e7800000,0x00000000e827d838,0x00000000e8280000)
  to   space 13824K, 0% used [0x00000000ee900000,0x00000000ee900000,0x00000000ef680000)
 ParOldGen       total 35840K, used 12923K [0x00000000a0000000, 0x00000000a2300000, 0x00000000e0000000)
  object space 35840K, 36% used [0x00000000a0000000,0x00000000a0c9eea0,0x00000000a2300000)
 Metaspace       used 34408K, capacity 35138K, committed 35416K, reserved 1079296K
  class space    used 4754K, capacity 4993K, committed 5120K, reserved 1048576K
}
Event: 31.075 GC heap before
{Heap before GC invocations=9 (full 2):
 PSYoungGen      total 133632K, used 10742K [0x00000000e0000000, 0x00000000ef680000, 0x0000000100000000)
  eden space 122880K, 0% used [0x00000000e0000000,0x00000000e0000000,0x00000000e7800000)
  from space 10752K, 99% used [0x00000000e7800000,0x00000000e827d838,0x00000000e8280000)
  to   space 13824K, 0% used [0x00000000ee900000,0x00000000ee900000,0x00000000ef680000)
 ParOldGen       total 35840K, used 12923K [0x00000000a0000000, 0x00000000a2300000, 0x00000000e0000000)
  object space 35840K, 36% used [0x00000000a0000000,0x00000000a0c9eea0,0x00000000a2300000)
 Metaspace       used 34408K, capacity 35138K, committed 35416K, reserved 1079296K
  class space    used 4754K, capacity 4993K, committed 5120K, reserved 1048576K
Event: 31.151 GC heap after
Heap after GC invocations=9 (full 2):
 PSYoungGen      total 133632K, used 0K [0x00000000e0000000, 0x00000000ef680000, 0x0000000100000000)
  eden space 122880K, 0% used [0x00000000e0000000,0x00000000e0000000,0x00000000e7800000)
  from space 10752K, 0% used [0x00000000e7800000,0x00000000e7800000,0x00000000e8280000)
  to   space 13824K, 0% used [0x00000000ee900000,0x00000000ee900000,0x00000000ef680000)
 ParOldGen       total 47104K, used 19218K [0x00000000a0000000, 0x00000000a2e00000, 0x00000000e0000000)
  object space 47104K, 40% used [0x00000000a0000000,0x00000000a12c4850,0x00000000a2e00000)
 Metaspace       used 34408K, capacity 35138K, committed 35416K, reserved 1079296K
  class space    used 4754K, capacity 4993K, committed 5120K, reserved 1048576K
}
Event: 34.995 GC heap before
{Heap before GC invocations=10 (full 2):
 PSYoungGen      total 133632K, used 122880K [0x00000000e0000000, 0x00000000ef680000, 0x0000000100000000)
  eden space 122880K, 100% used [0x00000000e0000000,0x00000000e7800000,0x00000000e7800000)
  from space 10752K, 0% used [0x00000000e7800000,0x00000000e7800000,0x00000000e8280000)
  to   space 13824K, 0% used [0x00000000ee900000,0x00000000ee900000,0x00000000ef680000)
 ParOldGen       total 47104K, used 19218K [0x00000000a0000000, 0x00000000a2e00000, 0x00000000e0000000)
  object space 47104K, 40% used [0x00000000a0000000,0x00000000a12c4850,0x00000000a2e00000)
 Metaspace       used 40567K, capacity 41638K, committed 42112K, reserved 1085440K
  class space    used 5571K, capacity 5893K, committed 6016K, reserved 1048576K
Event: 35.019 GC heap after
Heap after GC invocations=10 (full 2):
 PSYoungGen      total 231936K, used 13405K [0x00000000e0000000, 0x00000000ef680000, 0x0000000100000000)
  eden space 218112K, 0% used [0x00000000e0000000,0x00000000e0000000,0x00000000ed500000)
  from space 13824K, 96% used [0x00000000ee900000,0x00000000ef6176e8,0x00000000ef680000)
  to   space 15872K, 0% used [0x00000000ed780000,0x00000000ed780000,0x00000000ee700000)
 ParOldGen       total 47104K, used 19226K [0x00000000a0000000, 0x00000000a2e00000, 0x00000000e0000000)
  object space 47104K, 40% used [0x00000000a0000000,0x00000000a12c6850,0x00000000a2e00000)
 Metaspace       used 40567K, capacity 41638K, committed 42112K, reserved 1085440K
  class space    used 5571K, capacity 5893K, committed 6016K, reserved 1048576K
}
Event: 65.415 GC heap before
{Heap before GC invocations=11 (full 2):
 PSYoungGen      total 231936K, used 231517K [0x00000000e0000000, 0x00000000ef680000, 0x0000000100000000)
  eden space 218112K, 100% used [0x00000000e0000000,0x00000000ed500000,0x00000000ed500000)
  from space 13824K, 96% used [0x00000000ee900000,0x00000000ef6176e8,0x00000000ef680000)
  to   space 15872K, 0% used [0x00000000ed780000,0x00000000ed780000,0x00000000ee700000)
 ParOldGen       total 47104K, used 19226K [0x00000000a0000000, 0x00000000a2e00000, 0x00000000e0000000)
  object space 47104K, 40% used [0x00000000a0000000,0x00000000a12c6850,0x00000000a2e00000)
 Metaspace       used 55180K, capacity 57076K, committed 57344K, reserved 1097728K
  class space    used 7590K, capacity 8101K, committed 8192K, reserved 1048576K

