# JRE version: OpenJDK Runtime Environment (8.0_152-b01) (build 1.8.0_152-release-1024-b01)
# Java VM: OpenJDK 64-Bit Server VM (25.152-b01 mixed mode linux-amd64 compressed oops)
Heap:
 PSYoungGen      total 414720K, used 9202K [0x00000000e0000000, 0x00000000f9e00000, 0x0000000100000000)
  eden space 405504K, 0% used [0x00000000e0000000,0x00000000e0000000,0x00000000f8c00000)
  from space 9216K, 99% used [0x00000000f8c00000,0x00000000f94fc9f8,0x00000000f9500000)
  to   space 6656K, 0% used [0x00000000f9780000,0x00000000f9780000,0x00000000f9e00000)
 ParOldGen       total 92672K, used 92196K [0x00000000a0000000, 0x00000000a5a80000, 0x00000000e0000000)
  object space 92672K, 99% used [0x00000000a0000000,0x00000000a5a09130,0x00000000a5a80000)
 Metaspace       used 68100K, capacity 71036K, committed 71168K, reserved 1110016K
  class space    used 9022K, capacity 9643K, committed 9728K, reserved 1048576K
GC Heap History (10 events):
Event: 50.041 GC heap after
Heap after GC invocations=43 (full 3):
 PSYoungGen      total 325632K, used 4277K [0x00000000e0000000, 0x00000000f4780000, 0x0000000100000000)
  eden space 315904K, 0% used [0x00000000e0000000,0x00000000e0000000,0x00000000f3480000)
  from space 9728K, 43% used [0x00000000f3d80000,0x00000000f41ad7c0,0x00000000f4700000)
  to   space 9216K, 0% used [0x00000000f3480000,0x00000000f3480000,0x00000000f3d80000)
 ParOldGen       total 84992K, used 58363K [0x00000000a0000000, 0x00000000a5300000, 0x00000000e0000000)
  object space 84992K, 68% used [0x00000000a0000000,0x00000000a38fec88,0x00000000a5300000)
 Metaspace       used 67062K, capacity 69862K, committed 70016K, reserved 1110016K
  class space    used 8944K, capacity 9566K, committed 9600K, reserved 1048576K
}
Event: 51.018 GC heap before
{Heap before GC invocations=44 (full 3):
 PSYoungGen      total 325632K, used 320181K [0x00000000e0000000, 0x00000000f4780000, 0x0000000100000000)
  eden space 315904K, 100% used [0x00000000e0000000,0x00000000f3480000,0x00000000f3480000)
  from space 9728K, 43% used [0x00000000f3d80000,0x00000000f41ad7c0,0x00000000f4700000)
  to   space 9216K, 0% used [0x00000000f3480000,0x00000000f3480000,0x00000000f3d80000)
 ParOldGen       total 84992K, used 58363K [0x00000000a0000000, 0x00000000a5300000, 0x00000000e0000000)
  object space 84992K, 68% used [0x00000000a0000000,0x00000000a38fec88,0x00000000a5300000)
 Metaspace       used 67085K, capacity 69866K, committed 70016K, reserved 1110016K
  class space    used 8944K, capacity 9566K, committed 9600K, reserved 1048576K
Event: 51.026 GC heap after
Heap after GC invocations=44 (full 3):
 PSYoungGen      total 325120K, used 4111K [0x00000000e0000000, 0x00000000f6f80000, 0x0000000100000000)
  eden space 315904K, 0% used [0x00000000e0000000,0x00000000e0000000,0x00000000f3480000)
  from space 9216K, 44% used [0x00000000f3480000,0x00000000f3883d58,0x00000000f3d80000)
  to   space 8704K, 0% used [0x00000000f6700000,0x00000000f6700000,0x00000000f6f80000)
 ParOldGen       total 84992K, used 58467K [0x00000000a0000000, 0x00000000a5300000, 0x00000000e0000000)
  object space 84992K, 68% used [0x00000000a0000000,0x00000000a3918c88,0x00000000a5300000)
 Metaspace       used 67085K, capacity 69866K, committed 70016K, reserved 1110016K
  class space    used 8944K, capacity 9566K, committed 9600K, reserved 1048576K
}
Event: 51.956 GC heap before
{Heap before GC invocations=45 (full 3):
 PSYoungGen      total 325120K, used 320015K [0x00000000e0000000, 0x00000000f6f80000, 0x0000000100000000)
  eden space 315904K, 100% used [0x00000000e0000000,0x00000000f3480000,0x00000000f3480000)
  from space 9216K, 44% used [0x00000000f3480000,0x00000000f3883d58,0x00000000f3d80000)
  to   space 8704K, 0% used [0x00000000f6700000,0x00000000f6700000,0x00000000f6f80000)
 ParOldGen       total 84992K, used 58467K [0x00000000a0000000, 0x00000000a5300000, 0x00000000e0000000)
  object space 84992K, 68% used [0x00000000a0000000,0x00000000a3918c88,0x00000000a5300000)
 Metaspace       used 67113K, capacity 69866K, committed 70016K, reserved 1110016K
  class space    used 8944K, capacity 9566K, committed 9600K, reserved 1048576K
Event: 51.966 GC heap after
Heap after GC invocations=45 (full 3):
 PSYoungGen      total 364544K, used 3805K [0x00000000e0000000, 0x00000000f6e00000, 0x0000000100000000)
  eden space 357376K, 0% used [0x00000000e0000000,0x00000000e0000000,0x00000000f5d00000)
  from space 7168K, 53% used [0x00000000f6700000,0x00000000f6ab74a8,0x00000000f6e00000)
  to   space 8704K, 0% used [0x00000000f5d00000,0x00000000f5d00000,0x00000000f6580000)
 ParOldGen       total 84992K, used 58483K [0x00000000a0000000, 0x00000000a5300000, 0x00000000e0000000)
  object space 84992K, 68% used [0x00000000a0000000,0x00000000a391cc88,0x00000000a5300000)
 Metaspace       used 67113K, capacity 69866K, committed 70016K, reserved 1110016K
  class space    used 8944K, capacity 9566K, committed 9600K, reserved 1048576K
}
Event: 52.967 GC heap before
{Heap before GC invocations=46 (full 3):
 PSYoungGen      total 364544K, used 361181K [0x00000000e0000000, 0x00000000f6e00000, 0x0000000100000000)
  eden space 357376K, 100% used [0x00000000e0000000,0x00000000f5d00000,0x00000000f5d00000)
  from space 7168K, 53% used [0x00000000f6700000,0x00000000f6ab74a8,0x00000000f6e00000)
  to   space 8704K, 0% used [0x00000000f5d00000,0x00000000f5d00000,0x00000000f6580000)
 ParOldGen       total 84992K, used 58483K [0x00000000a0000000, 0x00000000a5300000, 0x00000000e0000000)
  object space 84992K, 68% used [0x00000000a0000000,0x00000000a391cc88,0x00000000a5300000)
 Metaspace       used 67135K, capacity 69866K, committed 70016K, reserved 1110016K
  class space    used 8944K, capacity 9566K, committed 9600K, reserved 1048576K
Event: 52.994 GC heap after
Heap after GC invocations=46 (full 3):
 PSYoungGen      total 366080K, used 8080K [0x00000000e0000000, 0x00000000fa100000, 0x0000000100000000)
  eden space 357376K, 0% used [0x00000000e0000000,0x00000000e0000000,0x00000000f5d00000)
  from space 8704K, 92% used [0x00000000f5d00000,0x00000000f64e40a0,0x00000000f6580000)
  to   space 9728K, 0% used [0x00000000f9780000,0x00000000f9780000,0x00000000fa100000)
 ParOldGen       total 84992K, used 58507K [0x00000000a0000000, 0x00000000a5300000, 0x00000000e0000000)
  object space 84992K, 68% used [0x00000000a0000000,0x00000000a3922c88,0x00000000a5300000)
 Metaspace       used 67135K, capacity 69866K, committed 70016K, reserved 1110016K
  class space    used 8944K, capacity 9566K, committed 9600K, reserved 1048576K
}
Event: 55.195 GC heap before
{Heap before GC invocations=47 (full 3):
 PSYoungGen      total 366080K, used 365345K [0x00000000e0000000, 0x00000000fa100000, 0x0000000100000000)
  eden space 357376K, 99% used [0x00000000e0000000,0x00000000f5ce4378,0x00000000f5d00000)
  from space 8704K, 92% used [0x00000000f5d00000,0x00000000f64e40a0,0x00000000f6580000)
  to   space 9728K, 0% used [0x00000000f9780000,0x00000000f9780000,0x00000000fa100000)
 ParOldGen       total 84992K, used 58507K [0x00000000a0000000, 0x00000000a5300000, 0x00000000e0000000)
  object space 84992K, 68% used [0x00000000a0000000,0x00000000a3922c88,0x00000000a5300000)
 Metaspace       used 67280K, capacity 70102K, committed 70272K, reserved 1110016K
  class space    used 8957K, capacity 9574K, committed 9600K, reserved 1048576K
Event: 55.216 GC heap after
Heap after GC invocations=47 (full 3):
 PSYoungGen      total 412160K, used 5767K [0x00000000e0000000, 0x00000000f9e00000, 0x0000000100000000)
  eden space 405504K, 0% used [0x00000000e0000000,0x00000000e0000000,0x00000000f8c00000)
  from space 6656K, 86% used [0x00000000f9780000,0x00000000f9d21fd8,0x00000000f9e00000)
  to   space 9216K, 0% used [0x00000000f8c00000,0x00000000f8c00000,0x00000000f9500000)
 ParOldGen       total 84992K, used 58523K [0x00000000a0000000, 0x00000000a5300000, 0x00000000e0000000)
  object space 84992K, 68% used [0x00000000a0000000,0x00000000a3926c88,0x00000000a5300000)
 Metaspace       used 67280K, capacity 70102K, committed 70272K, reserved 1110016K
  class space    used 8957K, capacity 9574K, committed 9600K, reserved 1048576K
}
Event: 61.716 GC heap before
{Heap before GC invocations=48 (full 3):
 PSYoungGen      total 412160K, used 411262K [0x00000000e0000000, 0x00000000f9e00000, 0x0000000100000000)
  eden space 405504K, 99% used [0x00000000e0000000,0x00000000f8bfdb58,0x00000000f8c00000)
  from space 6656K, 86% used [0x00000000f9780000,0x00000000f9d21fd8,0x00000000f9e00000)
  to   space 9216K, 0% used [0x00000000f8c00000,0x00000000f8c00000,0x00000000f9500000)
 ParOldGen       total 84992K, used 58523K [0x00000000a0000000, 0x00000000a5300000, 0x00000000e0000000)
  object space 84992K, 68% used [0x00000000a0000000,0x00000000a3926c88,0x00000000a5300000)
 Metaspace       used 68100K, capacity 71036K, committed 71168K, reserved 1110016K
  class space    used 9022K, capacity 9643K, committed 9728K, reserved 1048576K

